<?xml version="1.0" encoding="UTF-8"?>
<testng-results skipped="0" failed="0" ignored="0" total="1" passed="1">
  <reporter-output>
  </reporter-output>
  <suite name="Command line suite" duration-ms="82379" started-at="2019-07-12T07:57:42Z" finished-at="2019-07-12T07:59:04Z">
    <groups>
    </groups>
    <test name="Command line test" duration-ms="82379" started-at="2019-07-12T07:57:42Z" finished-at="2019-07-12T07:59:04Z">
      <class name="com.ggk.orangehrm.AddVerifyDeleteUser">
        <test-method status="PASS" signature="addVerifyDelete()[pri:0, instance:com.ggk.orangehrm.AddVerifyDeleteUser@45afc369]" name="addVerifyDelete" duration-ms="82365" started-at="2019-07-12T07:57:42Z" finished-at="2019-07-12T07:59:04Z">
          <reporter-output>
          </reporter-output>
        </test-method> <!-- addVerifyDelete -->
      </class> <!-- com.ggk.orangehrm.AddVerifyDeleteUser -->
    </test> <!-- Command line test -->
  </suite> <!-- Command line suite -->
</testng-results>
